Arguments: 
  /home/ncheikh/.nvm/versions/node/v12.6.0/bin/node /home/ncheikh/.nvm/versions/node/v12.6.0/bin/yarn install

PATH: 
  /home/ncheikh/.nvm/versions/node/v12.6.0/bin:/opt/google-cloud-sdk/bin:/usr/local/bin:/usr/local/sbin:/usr/bin:/usr/lib/jvm/default/bin:/usr/bin/site_perl:/usr/bin/vendor_perl:/usr/bin/core_perl

Yarn version: 
  1.17.3

Node version: 
  12.6.0

Platform: 
  linux x64

Trace: 
  SyntaxError: /home/ncheikh/dev/scratch/channels-app/packages/functions-netlify/package.json: Unexpected token } in JSON at position 517
      at JSON.parse (<anonymous>)
      at /home/ncheikh/.nvm/versions/node/v12.6.0/lib/node_modules/yarn/lib/cli.js:1625:59
      at Generator.next (<anonymous>)
      at step (/home/ncheikh/.nvm/versions/node/v12.6.0/lib/node_modules/yarn/lib/cli.js:304:30)
      at /home/ncheikh/.nvm/versions/node/v12.6.0/lib/node_modules/yarn/lib/cli.js:315:13

npm manifest: 
  {
    "name": "@channels-app/functions-netlify",
    "version": "1.0.0",
    "main": "index.js",
    "license": "MIT",
    "scripts": {
      "start": "netlify-lambda -c ./config/webpack.functions.js serve ./src/",
      "build": "netlify-lambda -c ./config/webpack.functions.js build ./src/"
    },
    "dependencies": {
      "@types/aws-lambda": "^8.10.31",
      "@types/node": "^12.7.1",
      "axios": "^0.19.0",
      "faunadb": "^2.7.0",
      "node-bigcommerce": "^4.0.1"
    },
    "workspaceDependencies": {
  		"@channels-app/core": "*",
  	}
  }

yarn manifest: 
  No manifest

Lockfile: 
  No lockfile
